2023-04-25 13:36:17,768:WARNING:
'cuml' is a soft dependency and not included in the pycaret installation. Please run: `pip install cuml` to install.
2023-04-25 13:36:17,768:WARNING:
'cuml' is a soft dependency and not included in the pycaret installation. Please run: `pip install cuml` to install.
2023-04-25 13:36:17,768:WARNING:
'cuml' is a soft dependency and not included in the pycaret installation. Please run: `pip install cuml` to install.
2023-04-25 13:36:17,768:WARNING:
'cuml' is a soft dependency and not included in the pycaret installation. Please run: `pip install cuml` to install.
2023-04-25 13:36:18,354:WARNING:
'prophet' is a soft dependency and not included in the pycaret installation. Please run: `pip install prophet` to install.
2023-04-25 13:36:18,548:INFO:PyCaret ClassificationExperiment
2023-04-25 13:36:18,548:INFO:Logging name: clf-default-name
2023-04-25 13:36:18,548:INFO:ML Usecase: MLUsecase.CLASSIFICATION
2023-04-25 13:36:18,548:INFO:version 3.0.0
2023-04-25 13:36:18,548:INFO:Initializing setup()
2023-04-25 13:36:18,548:INFO:self.USI: 6814
2023-04-25 13:36:18,548:INFO:self._variable_keys: {'fold_generator', 'X', 'exp_id', 'fold_groups_param', 'exp_name_log', 'logging_param', 'n_jobs_param', 'fix_imbalance', 'y', 'pipeline', 'USI', 'gpu_param', '_available_plots', 'target_param', 'idx', 'data', 'memory', 'html_param', 'y_train', 'X_train', '_ml_usecase', 'X_test', 'is_multiclass', 'fold_shuffle_param', 'seed', 'gpu_n_jobs_param', 'y_test', 'log_plots_param'}
2023-04-25 13:36:18,548:INFO:Checking environment
2023-04-25 13:36:18,548:INFO:python_version: 3.9.13
2023-04-25 13:36:18,548:INFO:python_build: ('main', 'May 27 2022 16:51:29')
2023-04-25 13:36:18,548:INFO:machine: AMD64
2023-04-25 13:36:18,548:INFO:platform: Windows-10-10.0.22621-SP0
2023-04-25 13:36:18,551:INFO:Memory: svmem(total=16943779840, available=2890579968, percent=82.9, used=14053199872, free=2890579968)
2023-04-25 13:36:18,551:INFO:Physical Core: 12
2023-04-25 13:36:18,551:INFO:Logical Core: 20
2023-04-25 13:36:18,551:INFO:Checking libraries
2023-04-25 13:36:18,551:INFO:System:
2023-04-25 13:36:18,551:INFO:    python: 3.9.13 | packaged by conda-forge | (main, May 27 2022, 16:51:29) [MSC v.1929 64 bit (AMD64)]
2023-04-25 13:36:18,551:INFO:executable: c:\jhs\miniconda\envs\tf_jhs\python.exe
2023-04-25 13:36:18,551:INFO:   machine: Windows-10-10.0.22621-SP0
2023-04-25 13:36:18,551:INFO:PyCaret required dependencies:
2023-04-25 13:36:18,551:INFO:                 pip: 23.1.1
2023-04-25 13:36:18,551:INFO:          setuptools: 67.7.2
2023-04-25 13:36:18,551:INFO:             pycaret: 3.0.0
2023-04-25 13:36:18,551:INFO:             IPython: 8.12.0
2023-04-25 13:36:18,551:INFO:          ipywidgets: 8.0.6
2023-04-25 13:36:18,551:INFO:                tqdm: 4.65.0
2023-04-25 13:36:18,551:INFO:               numpy: 1.23.5
2023-04-25 13:36:18,551:INFO:              pandas: 1.5.3
2023-04-25 13:36:18,551:INFO:              jinja2: 3.1.2
2023-04-25 13:36:18,551:INFO:               scipy: 1.10.1
2023-04-25 13:36:18,551:INFO:              joblib: 1.2.0
2023-04-25 13:36:18,551:INFO:             sklearn: 1.2.2
2023-04-25 13:36:18,551:INFO:                pyod: 1.0.9
2023-04-25 13:36:18,551:INFO:            imblearn: 0.10.1
2023-04-25 13:36:18,551:INFO:   category_encoders: 2.6.0
2023-04-25 13:36:18,551:INFO:            lightgbm: 3.3.5
2023-04-25 13:36:18,551:INFO:               numba: 0.56.4
2023-04-25 13:36:18,552:INFO:            requests: 2.28.2
2023-04-25 13:36:18,552:INFO:          matplotlib: 3.7.1
2023-04-25 13:36:18,552:INFO:          scikitplot: 0.3.7
2023-04-25 13:36:18,552:INFO:         yellowbrick: 1.5
2023-04-25 13:36:18,552:INFO:              plotly: 5.14.1
2023-04-25 13:36:18,552:INFO:             kaleido: 0.2.1
2023-04-25 13:36:18,552:INFO:         statsmodels: 0.13.5
2023-04-25 13:36:18,552:INFO:              sktime: 0.17.2
2023-04-25 13:36:18,552:INFO:               tbats: 1.1.3
2023-04-25 13:36:18,552:INFO:            pmdarima: 2.0.3
2023-04-25 13:36:18,552:INFO:              psutil: 5.9.5
2023-04-25 13:36:18,552:INFO:PyCaret optional dependencies:
2023-04-25 13:36:18,557:INFO:                shap: Not installed
2023-04-25 13:36:18,557:INFO:           interpret: Not installed
2023-04-25 13:36:18,557:INFO:                umap: Not installed
2023-04-25 13:36:18,557:INFO:    pandas_profiling: Not installed
2023-04-25 13:36:18,557:INFO:  explainerdashboard: Not installed
2023-04-25 13:36:18,557:INFO:             autoviz: Not installed
2023-04-25 13:36:18,557:INFO:           fairlearn: Not installed
2023-04-25 13:36:18,557:INFO:             xgboost: 1.7.5
2023-04-25 13:36:18,557:INFO:            catboost: Not installed
2023-04-25 13:36:18,557:INFO:              kmodes: Not installed
2023-04-25 13:36:18,557:INFO:             mlxtend: Not installed
2023-04-25 13:36:18,557:INFO:       statsforecast: Not installed
2023-04-25 13:36:18,557:INFO:        tune_sklearn: Not installed
2023-04-25 13:36:18,557:INFO:                 ray: Not installed
2023-04-25 13:36:18,557:INFO:            hyperopt: Not installed
2023-04-25 13:36:18,557:INFO:              optuna: Not installed
2023-04-25 13:36:18,557:INFO:               skopt: Not installed
2023-04-25 13:36:18,557:INFO:              mlflow: Not installed
2023-04-25 13:36:18,557:INFO:              gradio: Not installed
2023-04-25 13:36:18,557:INFO:             fastapi: Not installed
2023-04-25 13:36:18,557:INFO:             uvicorn: Not installed
2023-04-25 13:36:18,557:INFO:              m2cgen: Not installed
2023-04-25 13:36:18,557:INFO:           evidently: Not installed
2023-04-25 13:36:18,557:INFO:               fugue: Not installed
2023-04-25 13:36:18,557:INFO:           streamlit: Not installed
2023-04-25 13:36:18,557:INFO:             prophet: Not installed
2023-04-25 13:36:18,557:INFO:None
2023-04-25 13:36:18,558:INFO:Set up data.
